This is XeTeX, Version 3.14159265-2.6-0.999992 (TeX Live 2020/W32TeX) (preloaded format=xelatex 2022.1.12)  11 APR 2022 18:02
entering extended mode
 restricted \write18 enabled.
 file:line:error style messages enabled.
 %&-line parsing enabled.
**Practice
(./Practice.tex
LaTeX2e <2020-02-02> patch level 5
L3 programming layer <2020-03-06> (./setting/setting.tex (d:/Software_install/texlive/2020/texmf-dist/tex/latex/base/article.cls
Document Class: article 2019/12/20 v1.4l Standard LaTeX document class
(d:/Software_install/texlive/2020/texmf-dist/tex/latex/base/size12.clo
File: size12.clo 2019/12/20 v1.4l Standard LaTeX file (size option)
)
\c@part=\count163
\c@section=\count164
\c@subsection=\count165
\c@subsubsection=\count166
\c@paragraph=\count167
\c@subparagraph=\count168
\c@figure=\count169
\c@table=\count170
\abovecaptionskip=\skip47
\belowcaptionskip=\skip48
\bibindent=\dimen134
) (d:/Software_install/texlive/2020/texmf-dist/tex/latex/type1cm/type1cm.sty
Package: type1cm 2002/09/05 v0.04 BlueSky/Y&Y Type1 CM font definitions (DPC, patched RF)
) (d:/Software_install/texlive/2020/texmf-dist/tex/latex/fontspec/fontspec.sty (d:/Software_install/texlive/2020/texmf-dist/tex/latex/l3packages/xparse/xparse.sty (d:/Software_install/texlive/2020/texmf-dist/tex/latex/l3kernel/expl3.sty
Package: expl3 2020-03-06 L3 programming layer (loader) 
 (d:/Software_install/texlive/2020/texmf-dist/tex/latex/l3backend/l3backend-xdvipdfmx.def
File: l3backend-xdvipdfmx.def 2020-03-12 L3 backend support: xdvipdfmx
\g__graphics_track_int=\count171
\l__pdf_internal_box=\box45
\g__pdf_backend_object_int=\count172
\g__pdf_backend_annotation_int=\count173
))
Package: xparse 2020-03-06 L3 Experimental document command parser
\l__xparse_current_arg_int=\count174
\g__xparse_grabber_int=\count175
\l__xparse_m_args_int=\count176
\l__xparse_v_nesting_int=\count177
)
Package: fontspec 2020/02/21 v2.7i Font selection for XeLaTeX and LuaLaTeX
 (d:/Software_install/texlive/2020/texmf-dist/tex/latex/fontspec/fontspec-xetex.sty
Package: fontspec-xetex 2020/02/21 v2.7i Font selection for XeLaTeX and LuaLaTeX
\l__fontspec_script_int=\count178
\l__fontspec_language_int=\count179
\l__fontspec_strnum_int=\count180
\l__fontspec_tmp_int=\count181
\l__fontspec_tmpa_int=\count182
\l__fontspec_tmpb_int=\count183
\l__fontspec_tmpc_int=\count184
\l__fontspec_em_int=\count185
\l__fontspec_emdef_int=\count186
\l__fontspec_strong_int=\count187
\l__fontspec_strongdef_int=\count188
\l__fontspec_tmpa_dim=\dimen135
\l__fontspec_tmpb_dim=\dimen136
\l__fontspec_tmpc_dim=\dimen137
 (d:/Software_install/texlive/2020/texmf-dist/tex/latex/base/fontenc.sty
Package: fontenc 2020/02/11 v2.0o Standard LaTeX package
) (d:/Software_install/texlive/2020/texmf-dist/tex/latex/fontspec/fontspec.cfg))) (d:/Software_install/texlive/2020/texmf-dist/tex/xelatex/xecjk/xeCJK.sty
Package: xeCJK 2020/02/18 v3.8.2 Typesetting CJK scripts with XeLaTeX
 (d:/Software_install/texlive/2020/texmf-dist/tex/latex/l3packages/l3keys2e/l3keys2e.sty
Package: l3keys2e 2020-03-06 LaTeX2e option processing using LaTeX3 keys
) (d:/Software_install/texlive/2020/texmf-dist/tex/latex/l3packages/xtemplate/xtemplate.sty
Package: xtemplate 2020-03-06 L3 Experimental prototype document functions
\l__xtemplate_tmp_dim=\dimen138
\l__xtemplate_tmp_int=\count189
\l__xtemplate_tmp_muskip=\muskip16
\l__xtemplate_tmp_skip=\skip49
)
\l__xeCJK_tmp_int=\count190
\l__xeCJK_tmp_box=\box46
\l__xeCJK_tmp_dim=\dimen139
\l__xeCJK_tmp_skip=\skip50
\g__xeCJK_space_factor_int=\count191
\l__xeCJK_begin_int=\count192
\l__xeCJK_end_int=\count193
\c__xeCJK_CJK_class_int=\XeTeXcharclass1
\c__xeCJK_FullLeft_class_int=\XeTeXcharclass2
\c__xeCJK_FullRight_class_int=\XeTeXcharclass3
\c__xeCJK_HalfLeft_class_int=\XeTeXcharclass4
\c__xeCJK_HalfRight_class_int=\XeTeXcharclass5
\c__xeCJK_NormalSpace_class_int=\XeTeXcharclass6
\c__xeCJK_CM_class_int=\XeTeXcharclass7
\c__xeCJK_HangulJamo_class_int=\XeTeXcharclass8
\l__xeCJK_last_skip=\skip51
\g__xeCJK_node_int=\count194
\c__xeCJK_CJK_node_dim=\dimen140
\c__xeCJK_CJK-space_node_dim=\dimen141
\c__xeCJK_default_node_dim=\dimen142
\c__xeCJK_default-space_node_dim=\dimen143
\c__xeCJK_CJK-widow_node_dim=\dimen144
\c__xeCJK_normalspace_node_dim=\dimen145
\l__xeCJK_ccglue_skip=\skip52
\l__xeCJK_ecglue_skip=\skip53
\l__xeCJK_punct_kern_skip=\skip54
\l__xeCJK_last_penalty_int=\count195
\l__xeCJK_last_bound_dim=\dimen146
\l__xeCJK_last_kern_dim=\dimen147
\l__xeCJK_widow_penalty_int=\count196

Package xtemplate Info: Declaring object type 'xeCJK/punctuation' taking 0
(xtemplate)             argument(s) on line 2302.

\l__xeCJK_fixed_punct_width_dim=\dimen148
\l__xeCJK_mixed_punct_width_dim=\dimen149
\l__xeCJK_middle_punct_width_dim=\dimen150
\l__xeCJK_fixed_margin_width_dim=\dimen151
\l__xeCJK_mixed_margin_width_dim=\dimen152
\l__xeCJK_middle_margin_width_dim=\dimen153
\l__xeCJK_bound_punct_width_dim=\dimen154
\l__xeCJK_bound_margin_width_dim=\dimen155
\l__xeCJK_margin_minimum_dim=\dimen156
\l__xeCJK_kerning_total_width_dim=\dimen157
\l__xeCJK_same_align_margin_dim=\dimen158
\l__xeCJK_different_align_margin_dim=\dimen159
\l__xeCJK_kerning_margin_width_dim=\dimen160
\l__xeCJK_kerning_margin_minimum_dim=\dimen161
\l__xeCJK_bound_dim=\dimen162
\l__xeCJK_reverse_bound_dim=\dimen163
\l__xeCJK_margin_dim=\dimen164
\l__xeCJK_minimum_bound_dim=\dimen165
\l__xeCJK_kerning_margin_dim=\dimen166
\g__xeCJK_family_int=\count197
\l__xeCJK_fam_int=\count198
\g__xeCJK_fam_allocation_int=\count199
\l__xeCJK_verb_case_int=\count266
\l__xeCJK_verb_exspace_skip=\skip55
 (d:/Software_install/texlive/2020/texmf-dist/tex/xelatex/xecjk/xeCJK.cfg
File: xeCJK.cfg 2020/02/18 v3.8.2 Configuration file for xeCJK package
)) (d:/Software_install/texlive/2020/texmf-dist/tex/latex/cjk/texinput/CJKnumb.sty
Package: CJKnumb 2015/04/18 4.8.4
\CJK@q=\count267
\CJK@r=\count268
)

Package fontspec Info: Could not resolve font "KaiTi/B" (it probably doesn't
(fontspec)             exist).


Package fontspec Info: Could not resolve font "SimHei/I" (it probably doesn't
(fontspec)             exist).


Package fontspec Info: Could not resolve font "SimSun/BI" (it probably doesn't
(fontspec)             exist).


Package fontspec Info: Font family 'SimSun(0)' created for font 'SimSun' with
(fontspec)             options
(fontspec)             [Mapping=tex-text,Script={CJK},BoldFont={SimHei},ItalicFont={KaiTi}].
(fontspec)              
(fontspec)              This font family consists of the following NFSS
(fontspec)             series/shapes:
(fontspec)              
(fontspec)             - 'normal' (m/n) with NFSS spec.:
(fontspec)             <->"SimSun/OT:script=hani;language=dflt;mapping=tex-text;"
(fontspec)             - 'small caps'  (m/sc) with NFSS spec.: 
(fontspec)             - 'bold' (b/n) with NFSS spec.:
(fontspec)             <->"SimHei/OT:script=hani;language=dflt;mapping=tex-text;"
(fontspec)             - 'bold small caps'  (b/sc) with NFSS spec.: 
(fontspec)             - 'italic' (m/it) with NFSS spec.:
(fontspec)             <->"KaiTi/OT:script=hani;language=dflt;mapping=tex-text;"
(fontspec)             - 'italic small caps'  (m/scit) with NFSS spec.: 


Package fontspec Info: Font family 'Consolas(0)' created for font 'Consolas'
(fontspec)             with options
(fontspec)             [Mapping=tex-text,WordSpace={1,0,0},HyphenChar=None,PunctuationSpace=WordSpace].
(fontspec)              
(fontspec)              This font family consists of the following NFSS
(fontspec)             series/shapes:
(fontspec)              
(fontspec)             - 'normal' (m/n) with NFSS spec.:
(fontspec)             <->"Consolas/OT:script=latn;language=dflt;mapping=tex-text;"
(fontspec)             - 'small caps'  (m/sc) with NFSS spec.: 
(fontspec)             and font adjustment code:
(fontspec)             \fontdimen 2\font =1\fontdimen 2\font \fontdimen 3\font
(fontspec)             =0\fontdimen 3\font \fontdimen 4\font =0\fontdimen
(fontspec)             4\font \fontdimen 7\font =0\fontdimen 2\font
(fontspec)             \tex_hyphenchar:D \font =-1\scan_stop: 
(fontspec)             - 'bold' (b/n) with NFSS spec.:
(fontspec)             <->"Consolas/B/OT:script=latn;language=dflt;mapping=tex-text;"
(fontspec)             - 'bold small caps'  (b/sc) with NFSS spec.: 
(fontspec)             and font adjustment code:
(fontspec)             \fontdimen 2\font =1\fontdimen 2\font \fontdimen 3\font
(fontspec)             =0\fontdimen 3\font \fontdimen 4\font =0\fontdimen
(fontspec)             4\font \fontdimen 7\font =0\fontdimen 2\font
(fontspec)             \tex_hyphenchar:D \font =-1\scan_stop: 
(fontspec)             - 'italic' (m/it) with NFSS spec.:
(fontspec)             <->"Consolas/I/OT:script=latn;language=dflt;mapping=tex-text;"
(fontspec)             - 'italic small caps'  (m/scit) with NFSS spec.: 
(fontspec)             and font adjustment code:
(fontspec)             \fontdimen 2\font =1\fontdimen 2\font \fontdimen 3\font
(fontspec)             =0\fontdimen 3\font \fontdimen 4\font =0\fontdimen
(fontspec)             4\font \fontdimen 7\font =0\fontdimen 2\font
(fontspec)             \tex_hyphenchar:D \font =-1\scan_stop: 
(fontspec)             - 'bold italic' (b/it) with NFSS spec.:
(fontspec)             <->"Consolas/BI/OT:script=latn;language=dflt;mapping=tex-text;"
(fontspec)             - 'bold italic small caps'  (b/scit) with NFSS spec.: 
(fontspec)             and font adjustment code:
(fontspec)             \fontdimen 2\font =1\fontdimen 2\font \fontdimen 3\font
(fontspec)             =0\fontdimen 3\font \fontdimen 4\font =0\fontdimen
(fontspec)             4\font \fontdimen 7\font =0\fontdimen 2\font
(fontspec)             \tex_hyphenchar:D \font =-1\scan_stop: 

 (d:/Software_install/texlive/2020/texmf-dist/tex/latex/tools/indentfirst.sty
Package: indentfirst 1995/11/23 v1.03 Indent first paragraph (DPC)
) (d:/Software_install/texlive/2020/texmf-dist/tex/latex/geometry/geometry.sty
Package: geometry 2020/01/02 v5.9 Page Geometry
 (d:/Software_install/texlive/2020/texmf-dist/tex/latex/graphics/keyval.sty
Package: keyval 2014/10/28 v1.15 key=value parser (DPC)
\KV@toks@=\toks15
) (d:/Software_install/texlive/2020/texmf-dist/tex/generic/iftex/ifvtex.sty
Package: ifvtex 2019/10/25 v1.7 ifvtex legacy package. Use iftex instead.
 (d:/Software_install/texlive/2020/texmf-dist/tex/generic/iftex/iftex.sty
Package: iftex 2020/03/06 v1.0d TeX engine tests
))
\Gm@cnth=\count269
\Gm@cntv=\count270
\c@Gm@tempcnt=\count271
\Gm@bindingoffset=\dimen167
\Gm@wd@mp=\dimen168
\Gm@odd@mp=\dimen169
\Gm@even@mp=\dimen170
\Gm@layoutwidth=\dimen171
\Gm@layoutheight=\dimen172
\Gm@layouthoffset=\dimen173
\Gm@layoutvoffset=\dimen174
\Gm@dimlist=\toks16
) (d:/Software_install/texlive/2020/texmf-dist/tex/latex/amsmath/amsmath.sty
Package: amsmath 2020/01/20 v2.17e AMS math features
\@mathmargin=\skip56

For additional information on amsmath, use the `?' option.
(d:/Software_install/texlive/2020/texmf-dist/tex/latex/amsmath/amstext.sty
Package: amstext 2000/06/29 v2.01 AMS text
 (d:/Software_install/texlive/2020/texmf-dist/tex/latex/amsmath/amsgen.sty
File: amsgen.sty 1999/11/30 v2.0 generic functions
\@emptytoks=\toks17
\ex@=\dimen175
)) (d:/Software_install/texlive/2020/texmf-dist/tex/latex/amsmath/amsbsy.sty
Package: amsbsy 1999/11/29 v1.2d Bold Symbols
\pmbraise@=\dimen176
) (d:/Software_install/texlive/2020/texmf-dist/tex/latex/amsmath/amsopn.sty
Package: amsopn 2016/03/08 v2.02 operator names
)
\inf@bad=\count272
LaTeX Info: Redefining \frac on input line 227.
\uproot@=\count273
\leftroot@=\count274
LaTeX Info: Redefining \overline on input line 389.
\classnum@=\count275
\DOTSCASE@=\count276
LaTeX Info: Redefining \ldots on input line 486.
LaTeX Info: Redefining \dots on input line 489.
LaTeX Info: Redefining \cdots on input line 610.
\Mathstrutbox@=\box47
\strutbox@=\box48
\big@size=\dimen177
LaTeX Font Info:    Redeclaring font encoding OML on input line 733.
LaTeX Font Info:    Redeclaring font encoding OMS on input line 734.
\macc@depth=\count277
\c@MaxMatrixCols=\count278
\dotsspace@=\muskip17
\c@parentequation=\count279
\dspbrk@lvl=\count280
\tag@help=\toks18
\row@=\count281
\column@=\count282
\maxfields@=\count283
\andhelp@=\toks19
\eqnshift@=\dimen178
\alignsep@=\dimen179
\tagshift@=\dimen180
\tagwidth@=\dimen181
\totwidth@=\dimen182
\lineht@=\dimen183
\@envbody=\toks20
\multlinegap=\skip57
\multlinetaggap=\skip58
\mathdisplay@stack=\toks21
LaTeX Info: Redefining \[ on input line 2859.
LaTeX Info: Redefining \] on input line 2860.
) (d:/Software_install/texlive/2020/texmf-dist/tex/latex/tools/enumerate.sty
Package: enumerate 2015/07/23 v3.00 enumerate extensions (DPC)
\@enLab=\toks22
) (d:/Software_install/texlive/2020/texmf-dist/tex/latex/enumitem/enumitem.sty
Package: enumitem 2019/06/20 v3.9 Customized lists
\labelindent=\skip59
\enit@outerparindent=\dimen184
\enit@toks=\toks23
\enit@inbox=\box49
\enit@count@id=\count284
\enitdp@description=\count285
)

Package fontspec Info: Font family 'SimSun(1)' created for font 'SimSun' with
(fontspec)             options
(fontspec)             [Mapping=tex-text,Script={CJK},AutoFakeBold={4},AutoFakeSlant={0.167}].
(fontspec)              
(fontspec)              This font family consists of the following NFSS
(fontspec)             series/shapes:
(fontspec)              
(fontspec)             - 'normal' (m/n) with NFSS spec.:
(fontspec)             <->"SimSun/OT:script=hani;language=dflt;mapping=tex-text;"
(fontspec)             - 'small caps'  (m/sc) with NFSS spec.: 
(fontspec)             - 'bold' (b/n) with NFSS spec.:
(fontspec)             <->"SimSun/OT:script=hani;language=dflt;embolden=4;mapping=tex-text;"
(fontspec)             - 'bold small caps'  (b/sc) with NFSS spec.: 
(fontspec)             - 'italic' (m/it) with NFSS spec.:
(fontspec)             <->"SimSun/OT:script=hani;language=dflt;slant=0.167;mapping=tex-text;"
(fontspec)             - 'italic small caps'  (m/scit) with NFSS spec.: 
(fontspec)             - 'bold italic' (b/it) with NFSS spec.:
(fontspec)             <->"SimSun/OT:script=hani;language=dflt;embolden=4;slant=0.167;mapping=tex-text;"
(fontspec)             - 'bold italic small caps'  (b/scit) with NFSS spec.: 

 (d:/Software_install/texlive/2020/texmf-dist/tex/latex/titlesec/titlesec.sty
Package: titlesec 2019/10/16 v2.13 Sectioning titles
\ttl@box=\box50
\beforetitleunit=\skip60
\aftertitleunit=\skip61
\ttl@plus=\dimen185
\ttl@minus=\dimen186
\ttl@toksa=\toks24
\titlewidth=\dimen187
\titlewidthlast=\dimen188
\titlewidthfirst=\dimen189
) (d:/Software_install/texlive/2020/texmf-dist/tex/latex/titlesec/titletoc.sty
Package: titletoc 2019/10/16 v2.13 TOC entries
\ttl@leftsep=\dimen190
) (d:/Software_install/texlive/2020/texmf-dist/tex/latex/caption/caption.sty
Package: caption 2020/01/03 v3.4h Customizing captions (AR)
 (d:/Software_install/texlive/2020/texmf-dist/tex/latex/caption/caption3.sty
Package: caption3 2020/01/03 v1.8h caption3 kernel (AR)
Package caption3 Info: TeX engine: e-TeX on input line 61.
\captionmargin=\dimen191
\captionmargin@=\dimen192
\captionwidth=\dimen193
\caption@tempdima=\dimen194
\caption@indent=\dimen195
\caption@parindent=\dimen196
\caption@hangindent=\dimen197
Package caption Info: Standard document class detected.
)
\c@caption@flags=\count286
\c@continuedfloat=\count287
) (d:/Software_install/texlive/2020/texmf-dist/tex/latex/graphics/graphicx.sty
Package: graphicx 2019/11/30 v1.2a Enhanced LaTeX Graphics (DPC,SPQR)
 (d:/Software_install/texlive/2020/texmf-dist/tex/latex/graphics/graphics.sty
Package: graphics 2019/11/30 v1.4a Standard LaTeX Graphics (DPC,SPQR)
 (d:/Software_install/texlive/2020/texmf-dist/tex/latex/graphics/trig.sty
Package: trig 2016/01/03 v1.10 sin cos tan (DPC)
) (d:/Software_install/texlive/2020/texmf-dist/tex/latex/graphics-cfg/graphics.cfg
File: graphics.cfg 2016/06/04 v1.11 sample graphics configuration
)
Package graphics Info: Driver file: xetex.def on input line 105.
 (d:/Software_install/texlive/2020/texmf-dist/tex/latex/graphics-def/xetex.def
File: xetex.def 2017/06/24 v5.0h Graphics/color driver for xetex
))
\Gin@req@height=\dimen198
\Gin@req@width=\dimen199
) (d:/Software_install/texlive/2020/texmf-dist/tex/latex/wrapfig/wrapfig.sty
\wrapoverhang=\dimen256
\WF@size=\dimen257
\c@WF@wrappedlines=\count288
\WF@box=\box51
\WF@everypar=\toks25
Package: wrapfig 2003/01/31  v 3.6
) (d:/Software_install/texlive/2020/texmf-dist/tex/latex/multirow/multirow.sty
Package: multirow 2019/05/31 v2.5 Span multiple rows of a table
\multirow@colwidth=\skip62
\multirow@cntb=\count289
\multirow@dima=\skip63
\bigstrutjot=\dimen258
) (d:/Software_install/texlive/2020/texmf-dist/tex/latex/makecell/makecell.sty
Package: makecell 2009/08/03 V0.1e Managing of Tab Column Heads and Cells
 (d:/Software_install/texlive/2020/texmf-dist/tex/latex/tools/array.sty
Package: array 2019/08/31 v2.4l Tabular extension package (FMi)
\col@sep=\dimen259
\ar@mcellbox=\box52
\extrarowheight=\dimen260
\NC@list=\toks26
\extratabsurround=\skip64
\backup@length=\skip65
\ar@cellbox=\box53
)
\rotheadsize=\dimen261
\c@nlinenum=\count290
\TeXr@lab=\toks27
) (d:/Software_install/texlive/2020/texmf-dist/tex/latex/tools/longtable.sty
Package: longtable 2020/01/07 v4.13 Multi-page Table package (DPC)
\LTleft=\skip66
\LTright=\skip67
\LTpre=\skip68
\LTpost=\skip69
\LTchunksize=\count291
\LTcapwidth=\dimen262
\LT@head=\box54
\LT@firsthead=\box55
\LT@foot=\box56
\LT@lastfoot=\box57
\LT@cols=\count292
\LT@rows=\count293
\c@LT@tables=\count294
\c@LT@chunks=\count295
\LT@p@ftn=\toks28
) (d:/Software_install/texlive/2020/texmf-dist/tex/latex/booktabs/booktabs.sty
Package: booktabs 2020/01/12 v1.61803398 Publication quality tables
\heavyrulewidth=\dimen263
\lightrulewidth=\dimen264
\cmidrulewidth=\dimen265
\belowrulesep=\dimen266
\belowbottomsep=\dimen267
\aboverulesep=\dimen268
\abovetopsep=\dimen269
\cmidrulesep=\dimen270
\cmidrulekern=\dimen271
\defaultaddspace=\dimen272
\@cmidla=\count296
\@cmidlb=\count297
\@aboverulesep=\dimen273
\@belowrulesep=\dimen274
\@thisruleclass=\count298
\@lastruleclass=\count299
\@thisrulewidth=\dimen275
) (d:/Software_install/texlive/2020/texmf-dist/tex/latex/tools/tabularx.sty
Package: tabularx 2020/01/15 v2.11c `tabularx' package (DPC)
\TX@col@width=\dimen276
\TX@old@table=\dimen277
\TX@old@col=\dimen278
\TX@target=\dimen279
\TX@delta=\dimen280
\TX@cols=\count300
\TX@ftn=\toks29
)) (d:/Software_install/texlive/2020/texmf-dist/tex/latex/setspace/setspace.sty
Package: setspace 2011/12/19 v6.7a set line spacing
) (./Practice.aux)
\openout1 = `Practice.aux'.

LaTeX Font Info:    Checking defaults for OML/cmm/m/it on input line 5.
LaTeX Font Info:    ... okay on input line 5.
LaTeX Font Info:    Checking defaults for OMS/cmsy/m/n on input line 5.
LaTeX Font Info:    ... okay on input line 5.
LaTeX Font Info:    Checking defaults for OT1/cmr/m/n on input line 5.
LaTeX Font Info:    ... okay on input line 5.
LaTeX Font Info:    Checking defaults for T1/cmr/m/n on input line 5.
LaTeX Font Info:    ... okay on input line 5.
LaTeX Font Info:    Checking defaults for TS1/cmr/m/n on input line 5.
LaTeX Font Info:    Trying to load font information for TS1+cmr on input line 5.
 (d:/Software_install/texlive/2020/texmf-dist/tex/latex/base/ts1cmr.fd
File: ts1cmr.fd 2019/12/16 v2.5j Standard LaTeX font definitions
)
LaTeX Font Info:    ... okay on input line 5.
LaTeX Font Info:    Checking defaults for TU/lmr/m/n on input line 5.
LaTeX Font Info:    ... okay on input line 5.
LaTeX Font Info:    Checking defaults for OMX/cmex/m/n on input line 5.
LaTeX Font Info:    ... okay on input line 5.
LaTeX Font Info:    Checking defaults for U/cmr/m/n on input line 5.
LaTeX Font Info:    ... okay on input line 5.

Package fontspec Info: Adjusting the maths setup (use [no-math] to avoid
(fontspec)             this).

\symlegacymaths=\mathgroup4
LaTeX Font Info:    Overwriting symbol font `legacymaths' in version `bold'
(Font)                  OT1/cmr/m/n --> OT1/cmr/bx/n on input line 5.
LaTeX Font Info:    Redeclaring math accent \acute on input line 5.
LaTeX Font Info:    Redeclaring math accent \grave on input line 5.
LaTeX Font Info:    Redeclaring math accent \ddot on input line 5.
LaTeX Font Info:    Redeclaring math accent \tilde on input line 5.
LaTeX Font Info:    Redeclaring math accent \bar on input line 5.
LaTeX Font Info:    Redeclaring math accent \breve on input line 5.
LaTeX Font Info:    Redeclaring math accent \check on input line 5.
LaTeX Font Info:    Redeclaring math accent \hat on input line 5.
LaTeX Font Info:    Redeclaring math accent \dot on input line 5.
LaTeX Font Info:    Redeclaring math accent \mathring on input line 5.
LaTeX Font Info:    Redeclaring math symbol \Gamma on input line 5.
LaTeX Font Info:    Redeclaring math symbol \Delta on input line 5.
LaTeX Font Info:    Redeclaring math symbol \Theta on input line 5.
LaTeX Font Info:    Redeclaring math symbol \Lambda on input line 5.
LaTeX Font Info:    Redeclaring math symbol \Xi on input line 5.
LaTeX Font Info:    Redeclaring math symbol \Pi on input line 5.
LaTeX Font Info:    Redeclaring math symbol \Sigma on input line 5.
LaTeX Font Info:    Redeclaring math symbol \Upsilon on input line 5.
LaTeX Font Info:    Redeclaring math symbol \Phi on input line 5.
LaTeX Font Info:    Redeclaring math symbol \Psi on input line 5.
LaTeX Font Info:    Redeclaring math symbol \Omega on input line 5.
LaTeX Font Info:    Redeclaring math symbol \mathdollar on input line 5.
LaTeX Font Info:    Redeclaring symbol font `operators' on input line 5.
LaTeX Font Info:    Encoding `OT1' has changed to `TU' for symbol font
(Font)              `operators' in the math version `normal' on input line 5.
LaTeX Font Info:    Overwriting symbol font `operators' in version `normal'
(Font)                  OT1/cmr/m/n --> TU/lmr/m/n on input line 5.
LaTeX Font Info:    Encoding `OT1' has changed to `TU' for symbol font
(Font)              `operators' in the math version `bold' on input line 5.
LaTeX Font Info:    Overwriting symbol font `operators' in version `bold'
(Font)                  OT1/cmr/bx/n --> TU/lmr/m/n on input line 5.
LaTeX Font Info:    Overwriting symbol font `operators' in version `normal'
(Font)                  TU/lmr/m/n --> TU/lmr/m/n on input line 5.
LaTeX Font Info:    Overwriting math alphabet `\mathit' in version `normal'
(Font)                  OT1/cmr/m/it --> TU/lmr/m/it on input line 5.
LaTeX Font Info:    Overwriting math alphabet `\mathbf' in version `normal'
(Font)                  OT1/cmr/bx/n --> TU/lmr/b/n on input line 5.
LaTeX Font Info:    Overwriting math alphabet `\mathsf' in version `normal'
(Font)                  OT1/cmss/m/n --> TU/lmss/m/n on input line 5.
LaTeX Font Info:    Overwriting math alphabet `\mathtt' in version `normal'
(Font)                  OT1/cmtt/m/n --> TU/Consolas(0)/m/n on input line 5.
LaTeX Font Info:    Overwriting symbol font `operators' in version `bold'
(Font)                  TU/lmr/m/n --> TU/lmr/b/n on input line 5.
LaTeX Font Info:    Overwriting math alphabet `\mathit' in version `bold'
(Font)                  OT1/cmr/bx/it --> TU/lmr/b/it on input line 5.
LaTeX Font Info:    Overwriting math alphabet `\mathsf' in version `bold'
(Font)                  OT1/cmss/bx/n --> TU/lmss/b/n on input line 5.
LaTeX Font Info:    Overwriting math alphabet `\mathtt' in version `bold'
(Font)                  OT1/cmtt/m/n --> TU/Consolas(0)/b/n on input line 5.

*geometry* driver: auto-detecting
*geometry* detected driver: xetex
*geometry* verbose mode - [ preamble ] result:
* driver: xetex
* paper: a4paper
* layout: <same size as paper>
* layoutoffset:(h,v)=(0.0pt,0.0pt)
* modes: 
* h-part:(L,W,R)=(90.3375pt, 416.83289pt, 90.3375pt)
* v-part:(T,H,B)=(72.26999pt, 664.37186pt, 108.405pt)
* \paperwidth=597.50787pt
* \paperheight=845.04684pt
* \textwidth=416.83289pt
* \textheight=664.37186pt
* \oddsidemargin=18.0675pt
* \evensidemargin=18.0675pt
* \topmargin=-37.0pt
* \headheight=12.0pt
* \headsep=25.0pt
* \topskip=12.0pt
* \footskip=30.0pt
* \marginparwidth=35.0pt
* \marginparsep=10.0pt
* \columnsep=10.0pt
* \skip\footins=10.8pt plus 4.0pt minus 2.0pt
* \hoffset=0.0pt
* \voffset=0.0pt
* \mag=1000
* \@twocolumnfalse
* \@twosidefalse
* \@mparswitchfalse
* \@reversemarginfalse
* (1in=72.27pt=25.4mm, 1cm=28.453pt)

Package caption Info: Begin \AtBeginDocument code.
Package caption Info: longtable package is loaded.
(d:/Software_install/texlive/2020/texmf-dist/tex/latex/caption/ltcaption.sty
Package: ltcaption 2018/08/26 v1.4a longtable captions (AR)
)
Package caption Info: wrapfig package is loaded.
Package caption Info: End \AtBeginDocument code.
 (./section/section1.1.tex

Package fontspec Info: Font family 'SimHei(0)' created for font 'SimHei' with
(fontspec)             options
(fontspec)             [Mapping=tex-text,Script={CJK},AutoFakeBold={4},AutoFakeSlant={0.167}].
(fontspec)              
(fontspec)              This font family consists of the following NFSS
(fontspec)             series/shapes:
(fontspec)              
(fontspec)             - 'normal' (m/n) with NFSS spec.:
(fontspec)             <->"SimHei/OT:script=hani;language=dflt;mapping=tex-text;"
(fontspec)             - 'small caps'  (m/sc) with NFSS spec.: 
(fontspec)             - 'bold' (b/n) with NFSS spec.:
(fontspec)             <->"SimHei/OT:script=hani;language=dflt;embolden=4;mapping=tex-text;"
(fontspec)             - 'bold small caps'  (b/sc) with NFSS spec.: 
(fontspec)             - 'italic' (m/it) with NFSS spec.:
(fontspec)             <->"SimHei/OT:script=hani;language=dflt;slant=0.167;mapping=tex-text;"
(fontspec)             - 'italic small caps'  (m/scit) with NFSS spec.: 
(fontspec)             - 'bold italic' (b/it) with NFSS spec.:
(fontspec)             <->"SimHei/OT:script=hani;language=dflt;embolden=4;slant=0.167;mapping=tex-text;"
(fontspec)             - 'bold italic small caps'  (b/scit) with NFSS spec.: 

 [1

] [2]) (./section/section1.2.tex [3

]
Overfull \hbox (52.4222pt too wide) detected at line 53
\OML/cmm/m/it/12 p[]\OT1/cmr/m/n/12 ([]\OML/cmm/m/it/12 ; t\OT1/cmr/m/n/12 ) = \OMS/cmsy/m/n/12 ^^@ [][] [][] \OML/cmm/m/it/12 ^^Z[][]G\OT1/cmr/m/n/12 ([]\OML/cmm/m/it/12 ; []; t \OMS/cmsy/m/n/12 ^^@ \OML/cmm/m/it/12 ^^\\OT1/cmr/m/n/12 )[]\OML/cmm/m/it/12 S[]^^\ \OMS/cmsy/m/n/12 ^^@ [][] [][] \OML/cmm/m/it/12 p[]\OT1/cmr/m/n/12 ([]\OML/cmm/m/it/12 ; ^^\\OT1/cmr/m/n/12 )[]\OML/cmm/m/it/12 n[][]S[]^^\
 []

[4

] [5]) (./section/section1.3.tex [6

] [7] [8]) (./section/section2.1.tex [9

] [10]) (./section/section2.2.tex [11

] [12

] [13]) (./section/section2.3.tex [14

] [15

]) (./section/section2.4.tex
File: image/G.png Graphic file (type bmp)
<image/G.png>
File: image/G_r.png Graphic file (type bmp)
<image/G_r.png>
 [16

]
File: image/G_r_theta.png Graphic file (type bmp)
<image/G_r_theta.png>
 [17

]) (./section/section2.5.tex
Overfull \hbox (10.85838pt too wide) detected at line 54
[][]
 []

[18

]
Overfull \hbox (1.76224pt too wide) detected at line 85
[]
 []

[19] [20]) (./section/section2.6.tex [21

] [22] [23]) (./section/section2.7.tex [24

]) (./section/section2.8.tex [25

]) (./Practice.aux) ) 
Here is how much of TeX's memory you used:
 8952 strings out of 479418
 214326 string characters out of 5880625
 530270 words of memory out of 5000000
 26294 multiletter control sequences out of 15000+600000
 538770 words of font info for 78 fonts, out of 8000000 for 9000
 1348 hyphenation exceptions out of 8191
 49i,13n,94p,414b,433s stack positions out of 5000i,500n,10000p,200000b,80000s

Output written on Practice.pdf (25 pages).
